<?xml version="1.0" encoding="UTF-8"?>
<testng-results ignored="0" total="9" passed="8" failed="1" skipped="0">
  <reporter-output>
  </reporter-output>
  <suite started-at="2024-12-30T18:59:34 IST" name="Default suite" finished-at="2024-12-30T19:00:02 IST" duration-ms="27795">
    <groups>
    </groups>
    <test started-at="2024-12-30T18:59:34 IST" name="Default test" finished-at="2024-12-30T19:00:02 IST" duration-ms="27795">
      <class name="com.qa.jms.tests.AddJournalTest">
        <test-method is-config="true" signature="setUp()[pri:0, instance:com.qa.jms.tests.AddJournalTest@59a008ba]" started-at="2024-12-30T18:59:34 IST" name="setUp" finished-at="2024-12-30T18:59:44 IST" duration-ms="9246" status="PASS">
          <reporter-output>
          </reporter-output>
        </test-method> <!-- setUp -->
        <test-method signature="addJournalTest()[pri:0, instance:com.qa.jms.tests.AddJournalTest@59a008ba]" started-at="2024-12-30T18:59:44 IST" name="addJournalTest" finished-at="2024-12-30T18:59:49 IST" duration-ms="5620" status="PASS">
          <reporter-output>
          </reporter-output>
        </test-method> <!-- addJournalTest -->
        <test-method signature="selectPublisherTest()[pri:1, instance:com.qa.jms.tests.AddJournalTest@59a008ba]" started-at="2024-12-30T18:59:50 IST" name="selectPublisherTest" finished-at="2024-12-30T18:59:50 IST" duration-ms="422" status="PASS">
          <reporter-output>
          </reporter-output>
        </test-method> <!-- selectPublisherTest -->
        <test-method signature="journalDetailTest()[pri:2, instance:com.qa.jms.tests.AddJournalTest@59a008ba]" started-at="2024-12-30T18:59:50 IST" name="journalDetailTest" finished-at="2024-12-30T18:59:51 IST" duration-ms="320" status="PASS">
          <reporter-output>
          </reporter-output>
        </test-method> <!-- journalDetailTest -->
        <test-method signature="selectJournalWorkTest()[pri:3, instance:com.qa.jms.tests.AddJournalTest@59a008ba]" started-at="2024-12-30T18:59:51 IST" name="selectJournalWorkTest" finished-at="2024-12-30T18:59:51 IST" duration-ms="313" status="PASS">
          <reporter-output>
          </reporter-output>
        </test-method> <!-- selectJournalWorkTest -->
        <test-method signature="selectPubTypeTest()[pri:4, instance:com.qa.jms.tests.AddJournalTest@59a008ba]" started-at="2024-12-30T18:59:51 IST" name="selectPubTypeTest" finished-at="2024-12-30T18:59:51 IST" duration-ms="327" status="PASS">
          <reporter-output>
          </reporter-output>
        </test-method> <!-- selectPubTypeTest -->
        <test-method signature="dateImportTest()[pri:5, instance:com.qa.jms.tests.AddJournalTest@59a008ba]" started-at="2024-12-30T18:59:52 IST" name="dateImportTest" finished-at="2024-12-30T18:59:53 IST" duration-ms="1231" status="PASS">
          <reporter-output>
          </reporter-output>
        </test-method> <!-- dateImportTest -->
        <test-method signature="uploadJournalStyleTest()[pri:6, instance:com.qa.jms.tests.AddJournalTest@59a008ba]" started-at="2024-12-30T18:59:53 IST" name="uploadJournalStyleTest" finished-at="2024-12-30T18:59:53 IST" duration-ms="583" status="PASS">
          <reporter-output>
          </reporter-output>
        </test-method> <!-- uploadJournalStyleTest -->
        <test-method signature="uploadJournalgudelinesTest()[pri:7, instance:com.qa.jms.tests.AddJournalTest@59a008ba]" started-at="2024-12-30T18:59:53 IST" name="uploadJournalgudelinesTest" finished-at="2024-12-30T18:59:53 IST" duration-ms="56" status="PASS">
          <reporter-output>
          </reporter-output>
        </test-method> <!-- uploadJournalgudelinesTest -->
        <test-method signature="clickButtonsTest()[pri:8, instance:com.qa.jms.tests.AddJournalTest@59a008ba]" started-at="2024-12-30T18:59:54 IST" name="clickButtonsTest" finished-at="2024-12-30T19:00:02 IST" duration-ms="8723" status="FAIL">
          <exception class="com.microsoft.playwright.impl.TargetClosedError">
            <message>
              <![CDATA[Error {
  message='Target page, context or browser has been closed
  name='TargetClosedError
  stack='TargetClosedError:Target page, context or browser has been closed
Error
    at captureRawStack (C:\Users\SJAYAL~1\AppData\Local\Temp\playwright-java-11568489584089378131\package\lib\utils\stackTrace.js:50:17)
    at LongStandingScope._race (C:\Users\SJAYAL~1\AppData\Local\Temp\playwright-java-11568489584089378131\package\lib\utils\manualPromise.js:91:52)
    at LongStandingScope.race (C:\Users\SJAYAL~1\AppData\Local\Temp\playwright-java-11568489584089378131\package\lib\utils\manualPromise.js:84:17)
    at FrameDispatcher._handleCommand (C:\Users\SJAYAL~1\AppData\Local\Temp\playwright-java-11568489584089378131\package\lib\server\dispatchers\dispatcher.js:96:36)
    at DispatcherConnection.dispatch (C:\Users\SJAYAL~1\AppData\Local\Temp\playwright-java-11568489584089378131\package\lib\server\dispatchers\dispatcher.js:361:39)
}
Call log:
-   - waiting for locator("//div[contains(text(),'Journal Added Successfully')]")
]]>
            </message>
            <full-stacktrace>
              <![CDATA[com.microsoft.playwright.impl.TargetClosedError: Error {
  message='Target page, context or browser has been closed
  name='TargetClosedError
  stack='TargetClosedError:Target page, context or browser has been closed
Error
    at captureRawStack (C:\Users\SJAYAL~1\AppData\Local\Temp\playwright-java-11568489584089378131\package\lib\utils\stackTrace.js:50:17)
    at LongStandingScope._race (C:\Users\SJAYAL~1\AppData\Local\Temp\playwright-java-11568489584089378131\package\lib\utils\manualPromise.js:91:52)
    at LongStandingScope.race (C:\Users\SJAYAL~1\AppData\Local\Temp\playwright-java-11568489584089378131\package\lib\utils\manualPromise.js:84:17)
    at FrameDispatcher._handleCommand (C:\Users\SJAYAL~1\AppData\Local\Temp\playwright-java-11568489584089378131\package\lib\server\dispatchers\dispatcher.js:96:36)
    at DispatcherConnection.dispatch (C:\Users\SJAYAL~1\AppData\Local\Temp\playwright-java-11568489584089378131\package\lib\server\dispatchers\dispatcher.js:361:39)
}
Call log:
-   - waiting for locator("//div[contains(text(),'Journal Added Successfully')]")

at com.microsoft.playwright.impl.WaitableResult.get(WaitableResult.java:54)
at com.microsoft.playwright.impl.ChannelOwner.runUntil(ChannelOwner.java:132)
at com.microsoft.playwright.impl.Connection.sendMessage(Connection.java:130)
at com.microsoft.playwright.impl.ChannelOwner.sendMessage(ChannelOwner.java:118)
at com.microsoft.playwright.impl.FrameImpl.textContentImpl(FrameImpl.java:818)
at com.microsoft.playwright.impl.FrameImpl.lambda$textContent$38(FrameImpl.java:809)
at com.microsoft.playwright.impl.LoggingSupport.withLogging(LoggingSupport.java:47)
at com.microsoft.playwright.impl.ChannelOwner.withLogging(ChannelOwner.java:97)
at com.microsoft.playwright.impl.FrameImpl.textContent(FrameImpl.java:809)
at com.microsoft.playwright.impl.LocatorImpl.textContent(LocatorImpl.java:606)
at com.microsoft.playwright.Locator.textContent(Locator.java:5269)
at com.qa.jms.pages.AddJournalPage.clickButtons(AddJournalPage.java:203)
at com.qa.jms.tests.AddJournalTest.clickButtonsTest(AddJournalTest.java:70)
at java.base/jdk.internal.reflect.NativeMethodAccessorImpl.invoke0(Native Method)
at java.base/jdk.internal.reflect.NativeMethodAccessorImpl.invoke(NativeMethodAccessorImpl.java:77)
at java.base/jdk.internal.reflect.DelegatingMethodAccessorImpl.invoke(DelegatingMethodAccessorImpl.java:43)
at java.base/java.lang.reflect.Method.invoke(Method.java:568)
at org.testng.internal.MethodInvocationHelper.invokeMethod(MethodInvocationHelper.java:133)
at org.testng.internal.TestInvoker.invokeMethod(TestInvoker.java:598)
at org.testng.internal.TestInvoker.invokeTestMethod(TestInvoker.java:173)
at org.testng.internal.MethodRunner.runInSequence(MethodRunner.java:46)
at org.testng.internal.TestInvoker$MethodInvocationAgent.invoke(TestInvoker.java:824)
at org.testng.internal.TestInvoker.invokeTestMethods(TestInvoker.java:146)
at org.testng.internal.TestMethodWorker.invokeTestMethods(TestMethodWorker.java:146)
at org.testng.internal.TestMethodWorker.run(TestMethodWorker.java:128)
at java.base/java.util.ArrayList.forEach(ArrayList.java:1511)
at org.testng.TestRunner.privateRun(TestRunner.java:794)
at org.testng.TestRunner.run(TestRunner.java:596)
at org.testng.SuiteRunner.runTest(SuiteRunner.java:377)
at org.testng.SuiteRunner.runSequentially(SuiteRunner.java:371)
at org.testng.SuiteRunner.privateRun(SuiteRunner.java:332)
at org.testng.SuiteRunner.run(SuiteRunner.java:276)
at org.testng.SuiteRunnerWorker.runSuite(SuiteRunnerWorker.java:53)
at org.testng.SuiteRunnerWorker.run(SuiteRunnerWorker.java:96)
at org.testng.TestNG.runSuitesSequentially(TestNG.java:1212)
at org.testng.TestNG.runSuitesLocally(TestNG.java:1134)
at org.testng.TestNG.runSuites(TestNG.java:1063)
at org.testng.TestNG.run(TestNG.java:1031)
at org.testng.remote.AbstractRemoteTestNG.run(AbstractRemoteTestNG.java:115)
at org.testng.remote.RemoteTestNG.initAndRun(RemoteTestNG.java:293)
at org.testng.remote.RemoteTestNG.main(RemoteTestNG.java:91)
Caused by: com.microsoft.playwright.impl.TargetClosedError: Error {
  message='Target page, context or browser has been closed
  name='TargetClosedError
  stack='TargetClosedError:Target page, context or browser has been closed
Error
    at captureRawStack (C:\Users\SJAYAL~1\AppData\Local\Temp\playwright-java-11568489584089378131\package\lib\utils\stackTrace.js:50:17)
    at LongStandingScope._race (C:\Users\SJAYAL~1\AppData\Local\Temp\playwright-java-11568489584089378131\package\lib\utils\manualPromise.js:91:52)
    at LongStandingScope.race (C:\Users\SJAYAL~1\AppData\Local\Temp\playwright-java-11568489584089378131\package\lib\utils\manualPromise.js:84:17)
    at FrameDispatcher._handleCommand (C:\Users\SJAYAL~1\AppData\Local\Temp\playwright-java-11568489584089378131\package\lib\server\dispatchers\dispatcher.js:96:36)
    at DispatcherConnection.dispatch (C:\Users\SJAYAL~1\AppData\Local\Temp\playwright-java-11568489584089378131\package\lib\server\dispatchers\dispatcher.js:361:39)
}
Call log:
-   - waiting for locator("//div[contains(text(),'Journal Added Successfully')]")

at com.microsoft.playwright.impl.Connection.dispatch(Connection.java:256)
at com.microsoft.playwright.impl.Connection.processOneMessage(Connection.java:211)
at com.microsoft.playwright.impl.ChannelOwner.runUntil(ChannelOwner.java:130)
... 39 more
]]>
            </full-stacktrace>
          </exception> <!-- com.microsoft.playwright.impl.TargetClosedError -->
          <reporter-output>
          </reporter-output>
        </test-method> <!-- clickButtonsTest -->
      </class> <!-- com.qa.jms.tests.AddJournalTest -->
    </test> <!-- Default test -->
  </suite> <!-- Default suite -->
</testng-results>
